\BOOKMARK [1][-]{section.1}{\376\377\000V\000I\000S\000I\000O\000N}{}% 1
\BOOKMARK [2][-]{subsection.1.1}{\376\377\000P\000r\000o\000b\000l\000e\000m\000\040\000S\000t\000a\000t\000e\000m\000e\000n\000t}{section.1}% 2
\BOOKMARK [2][-]{subsection.1.2}{\376\377\000F\000u\000n\000c\000t\000i\000o\000n\000a\000l\000\040\000S\000p\000e\000c\000i\000f\000i\000c\000a\000t\000i\000o\000n\000s}{section.1}% 3
\BOOKMARK [2][-]{subsection.1.3}{\376\377\000C\000o\000n\000s\000t\000r\000a\000i\000n\000t\000s}{section.1}% 4
\BOOKMARK [1][-]{section.2}{\376\377\000B\000A\000C\000K\000G\000R\000O\000U\000N\000D\000\040\000R\000E\000S\000E\000A\000R\000C\000H}{}% 5
\BOOKMARK [2][-]{subsection.2.1}{\376\377\000P\000R\000T\000\040\000B\000a\000c\000k\000g\000r\000o\000u\000n\000d\000\040\000a\000n\000d\000\040\000H\000i\000s\000t\000o\000r\000y}{section.2}% 6
\BOOKMARK [2][-]{subsection.2.2}{\376\377\000P\000r\000i\000o\000r\000\040\000W\000o\000r\000k\000s}{section.2}% 7
\BOOKMARK [2][-]{subsection.2.3}{\376\377\000J\000u\000s\000t\000i\000f\000i\000c\000a\000t\000i\000o\000n}{section.2}% 8
\BOOKMARK [1][-]{section.3}{\376\377\000R\000E\000Q\000U\000I\000R\000E\000M\000E\000N\000T\000S\000\040\000S\000P\000E\000C\000I\000F\000I\000C\000A\000T\000I\000O\000N}{}% 9
\BOOKMARK [2][-]{subsection.3.1}{\376\377\000F\000u\000n\000c\000t\000i\000o\000n\000a\000l\000\040\000R\000e\000q\000u\000i\000r\000e\000m\000e\000n\000t\000s}{section.3}% 10
\BOOKMARK [2][-]{subsection.3.2}{\376\377\000E\000n\000g\000i\000n\000e\000e\000r\000i\000n\000g\000\040\000R\000e\000q\000u\000i\000r\000e\000m\000e\000n\000t\000s}{section.3}% 11
\BOOKMARK [2][-]{subsection.3.3}{\376\377\000M\000a\000r\000k\000e\000t\000i\000n\000g\000\040\000R\000e\000q\000u\000i\000r\000e\000m\000e\000n\000t\000s}{section.3}% 12
\BOOKMARK [2][-]{subsection.3.4}{\376\377\000M\000a\000p\000p\000i\000n\000g\000\040\000o\000f\000\040\000M\000a\000r\000k\000e\000t\000i\000n\000g\000\040\000R\000e\000q\000u\000i\000r\000e\000m\000e\000n\000t\000s\000\040\000t\000o\000\040\000E\000n\000g\000i\000n\000e\000e\000r\000i\000n\000g\000\040\000R\000e\000q\000u\000i\000r\000e\000m\000e\000n\000t\000s}{section.3}% 13
\BOOKMARK [2][-]{subsection.3.5}{\376\377\000E\000n\000g\000i\000n\000e\000e\000r\000i\000n\000g\000\040\000a\000n\000d\000\040\000M\000a\000r\000k\000e\000t\000i\000n\000g\000\040\000R\000e\000q\000u\000i\000r\000e\000m\000e\000n\000t\000s\000\040\000t\000r\000a\000d\000e\000-\000o\000f\000f\000\040\000c\000h\000a\000r\000t}{section.3}% 14
\BOOKMARK [2][-]{subsection.3.6}{\376\377\000C\000o\000m\000p\000e\000t\000i\000t\000i\000v\000e\000\040\000B\000e\000n\000c\000h\000m\000a\000r\000k\000s}{section.3}% 15
\BOOKMARK [2][-]{subsection.3.7}{\376\377\000V\000a\000r\000i\000o\000u\000s\000\040\000a\000p\000p\000l\000i\000c\000a\000b\000l\000e\000\040\000c\000o\000n\000s\000t\000r\000a\000i\000n\000t\000s\000\040\000a\000n\000d\000\040\000s\000t\000a\000n\000d\000a\000r\000d\000s}{section.3}% 16
\BOOKMARK [2][-]{subsection.3.8}{\376\377\000B\000r\000o\000a\000d\000e\000r\000\040\000R\000e\000q\000u\000i\000r\000e\000m\000e\000n\000t\000s\000\040\000a\000n\000d\000\040\000C\000o\000n\000s\000t\000r\000a\000i\000n\000t\000s}{section.3}% 17
\BOOKMARK [1][-]{section.4}{\376\377\000R\000E\000F\000E\000R\000E\000N\000C\000E\000S}{}% 18
\BOOKMARK [2][-]{subsection.4.1}{\376\377\000S\000o\000u\000r\000c\000e\000s}{section.4}% 19
\BOOKMARK [2][-]{subsection.4.2}{\376\377\000C\000o\000n\000t\000r\000i\000b\000u\000t\000i\000o\000n\000\040\000T\000a\000b\000l\000e}{section.4}% 20
